nohup: ignoring input
Script started
cluster
2018-10-14 01:39:54.732737: I tensorflow/core/platform/cpu_feature_guard.cc:141] Your CPU supports instructions that this TensorFlow binary was not compiled to use: AVX2 AVX512F FMA
2018-10-14 01:39:54.738646: I tensorflow/core/distributed_runtime/rpc/grpc_channel.cc:222] Initialize GrpcChannelCache for job ps -> {0 -> 10.10.1.2:3333}
2018-10-14 01:39:54.738684: I tensorflow/core/distributed_runtime/rpc/grpc_channel.cc:222] Initialize GrpcChannelCache for job worker -> {0 -> 10.10.1.2:2222, 1 -> localhost:2222}
2018-10-14 01:39:54.742535: I tensorflow/core/distributed_runtime/rpc/grpc_server_lib.cc:381] Started server with target: grpc://localhost:2222
WARNING:tensorflow:From code_sync.py:65: read_data_sets (from tensorflow.contrib.learn.python.learn.datasets.mnist) is deprecated and will be removed in a future version.
Instructions for updating:
Please use alternatives such as official/mnist/dataset.py from tensorflow/models.
WARNING:tensorflow:From /usr/local/lib/python2.7/dist-packages/tensorflow/contrib/learn/python/learn/datasets/mnist.py:260: maybe_download (from tensorflow.contrib.learn.python.learn.datasets.base) is deprecated and will be removed in a future version.
Instructions for updating:
Please write your own downloading logic.
WARNING:tensorflow:From /usr/local/lib/python2.7/dist-packages/tensorflow/contrib/learn/python/learn/datasets/mnist.py:262: extract_images (from tensorflow.contrib.learn.python.learn.datasets.mnist) is deprecated and will be removed in a future version.
Instructions for updating:
Please use tf.data to implement this functionality.
Extracting MNIST_data/train-images-idx3-ubyte.gz
WARNING:tensorflow:From /usr/local/lib/python2.7/dist-packages/tensorflow/contrib/learn/python/learn/datasets/mnist.py:267: extract_labels (from tensorflow.contrib.learn.python.learn.datasets.mnist) is deprecated and will be removed in a future version.
Instructions for updating:
Please use tf.data to implement this functionality.
Extracting MNIST_data/train-labels-idx1-ubyte.gz
WARNING:tensorflow:From /usr/local/lib/python2.7/dist-packages/tensorflow/contrib/learn/python/learn/datasets/mnist.py:110: dense_to_one_hot (from tensorflow.contrib.learn.python.learn.datasets.mnist) is deprecated and will be removed in a future version.
Instructions for updating:
Please use tf.one_hot on tensors.
Extracting MNIST_data/t10k-images-idx3-ubyte.gz
Extracting MNIST_data/t10k-labels-idx1-ubyte.gz
WARNING:tensorflow:From /usr/local/lib/python2.7/dist-packages/tensorflow/contrib/learn/python/learn/datasets/mnist.py:290: __init__ (from tensorflow.contrib.learn.python.learn.datasets.mnist) is deprecated and will be removed in a future version.
Instructions for updating:
Please use alternatives such as official/mnist/dataset.py from tensorflow/models.
('Num features:', 784, 'Num classes:', 10)
('Train size:', 55000)
WARNING:tensorflow:From /usr/local/lib/python2.7/dist-packages/tensorflow/python/training/sync_replicas_optimizer.py:335: __init__ (from tensorflow.python.training.queue_runner_impl) is deprecated and will be removed in a future version.
Instructions for updating:
To construct input pipelines, use the `tf.data` module.
2018-10-14 01:39:55.660234: I tensorflow/core/distributed_runtime/master_session.cc:1161] Start master session 58634d7e6056cf4c with config: 
Starting training on worker 1
('loss: ', 10.128584, 'step: ', 0, 'worker: ', 1)
('loss: ', 8.808629, 'step: ', 1, 'worker: ', 1)
('loss: ', 8.808629, 'step: ', 1, 'worker: ', 1)
('loss: ', 8.060205, 'step: ', 2, 'worker: ', 1)
('loss: ', 7.4931316, 'step: ', 3, 'worker: ', 1)
('loss: ', 7.009499, 'step: ', 4, 'worker: ', 1)
('loss: ', 6.580037, 'step: ', 5, 'worker: ', 1)
('loss: ', 6.195591, 'step: ', 6, 'worker: ', 1)
('loss: ', 5.8518615, 'step: ', 7, 'worker: ', 1)
('loss: ', 5.545102, 'step: ', 8, 'worker: ', 1)
('Done', 1)
Session from worker 1 closed cleanly
