nohup: ignoring input
WARNING:tensorflow:From code_template.py:12: read_data_sets (from tensorflow.contrib.learn.python.learn.datasets.mnist) is deprecated and will be removed in a future version.
Instructions for updating:
Please use alternatives such as official/mnist/dataset.py from tensorflow/models.
WARNING:tensorflow:From /usr/local/lib/python2.7/dist-packages/tensorflow/contrib/learn/python/learn/datasets/mnist.py:260: maybe_download (from tensorflow.contrib.learn.python.learn.datasets.base) is deprecated and will be removed in a future version.
Instructions for updating:
Please write your own downloading logic.
WARNING:tensorflow:From /usr/local/lib/python2.7/dist-packages/tensorflow/contrib/learn/python/learn/datasets/mnist.py:262: extract_images (from tensorflow.contrib.learn.python.learn.datasets.mnist) is deprecated and will be removed in a future version.
Instructions for updating:
Please use tf.data to implement this functionality.
WARNING:tensorflow:From /usr/local/lib/python2.7/dist-packages/tensorflow/contrib/learn/python/learn/datasets/mnist.py:267: extract_labels (from tensorflow.contrib.learn.python.learn.datasets.mnist) is deprecated and will be removed in a future version.
Instructions for updating:
Please use tf.data to implement this functionality.
WARNING:tensorflow:From /usr/local/lib/python2.7/dist-packages/tensorflow/contrib/learn/python/learn/datasets/mnist.py:110: dense_to_one_hot (from tensorflow.contrib.learn.python.learn.datasets.mnist) is deprecated and will be removed in a future version.
Instructions for updating:
Please use tf.one_hot on tensors.
WARNING:tensorflow:From /usr/local/lib/python2.7/dist-packages/tensorflow/contrib/learn/python/learn/datasets/mnist.py:290: __init__ (from tensorflow.contrib.learn.python.learn.datasets.mnist) is deprecated and will be removed in a future version.
Instructions for updating:
Please use alternatives such as official/mnist/dataset.py from tensorflow/models.
2018-10-13 21:40:23.938213: I tensorflow/core/platform/cpu_feature_guard.cc:141] Your CPU supports instructions that this TensorFlow binary was not compiled to use: AVX2 AVX512F FMA
2018-10-13 21:40:23.942487: I tensorflow/core/distributed_runtime/rpc/grpc_channel.cc:222] Initialize GrpcChannelCache for job worker -> {0 -> localhost:2222}
2018-10-13 21:40:23.945933: I tensorflow/core/distributed_runtime/rpc/grpc_server_lib.cc:381] Started server with target: grpc://localhost:2222
2018-10-13 21:40:23.974792: I tensorflow/core/distributed_runtime/master_session.cc:1161] Start master session 70a52aa56fbd605f with config: 
Extracting MNIST_data/train-images-idx3-ubyte.gz
Extracting MNIST_data/train-labels-idx1-ubyte.gz
Extracting MNIST_data/t10k-images-idx3-ubyte.gz
Extracting MNIST_data/t10k-labels-idx1-ubyte.gz
('Num features:', 784, 'Num classes:', 10)
('Train size:', 55000)
('Current training loss: ', 12.421759)
('Current test accuracy: ', 0.83052)
('epochs completed: ', 0)
('Current training loss: ', 12.101549)
('Current test accuracy: ', 0.83113)
('epochs completed: ', 1)
('Current training loss: ', 11.803351)
('Current test accuracy: ', 0.8316)
('epochs completed: ', 2)
('Current training loss: ', 11.525777)
('Current test accuracy: ', 0.83174)
('epochs completed: ', 3)
('Current training loss: ', 11.267452)
('Current test accuracy: ', 0.83224)
('epochs completed: ', 4)
('Current training loss: ', 11.026996)
('Current test accuracy: ', 0.83272)
('epochs completed: ', 5)
('Current training loss: ', 10.803057)
('Current test accuracy: ', 0.83325)
('epochs completed: ', 6)
('Current training loss: ', 10.59435)
('Current test accuracy: ', 0.83346)
('epochs completed: ', 7)
('Current training loss: ', 10.39965)
('Current test accuracy: ', 0.83395)
('epochs completed: ', 8)
('Current training loss: ', 10.2177725)
('Current test accuracy: ', 0.83423)
('epochs completed: ', 9)
('Current training loss: ', 10.04758)
('Current test accuracy: ', 0.83461)
('epochs completed: ', 10)
('Current training loss: ', 9.888013)
('Current test accuracy: ', 0.83503)
('epochs completed: ', 11)
('Current training loss: ', 9.738082)
('Current test accuracy: ', 0.83569)
('epochs completed: ', 12)
('Current training loss: ', 9.596898)
('Current test accuracy: ', 0.83579)
('epochs completed: ', 13)
('Current training loss: ', 9.463659)
('Current test accuracy: ', 0.836)
('epochs completed: ', 14)
('Current training loss: ', 9.337662)
('Current test accuracy: ', 0.83626)
('epochs completed: ', 15)
('Current training loss: ', 9.218256)
('Current test accuracy: ', 0.83647)
('epochs completed: ', 16)
('Current training loss: ', 9.104853)
('Current test accuracy: ', 0.8368)
('epochs completed: ', 17)
('Current training loss: ', 8.996947)
('Current test accuracy: ', 0.83723)
('epochs completed: ', 18)
('Current training loss: ', 8.894057)
('Current test accuracy: ', 0.83779)
('epochs completed: ', 19)
('Current training loss: ', 8.795762)
('Current test accuracy: ', 0.83817)
('epochs completed: ', 20)
('Current training loss: ', 8.701701)
('Current test accuracy: ', 0.83845)
('epochs completed: ', 21)
('Current training loss: ', 8.611523)
('Current test accuracy: ', 0.83867)
('epochs completed: ', 22)
('Current training loss: ', 8.524934)
('Current test accuracy: ', 0.83892)
('epochs completed: ', 23)
('Current training loss: ', 8.44165)
('Current test accuracy: ', 0.83915)
('epochs completed: ', 24)
('Current training loss: ', 8.361409)
('Current test accuracy: ', 0.83968)
('epochs completed: ', 25)
('Current training loss: ', 8.284008)
('Current test accuracy: ', 0.84003)
('epochs completed: ', 26)
('Current training loss: ', 8.209224)
('Current test accuracy: ', 0.84044)
('epochs completed: ', 27)
('Current training loss: ', 8.136886)
('Current test accuracy: ', 0.84084)
('epochs completed: ', 28)
('Current training loss: ', 8.066831)
('Current test accuracy: ', 0.8412)
('epochs completed: ', 29)
('Current training loss: ', 7.998892)
('Current test accuracy: ', 0.84165)
('epochs completed: ', 30)
('Current training loss: ', 7.9329524)
('Current test accuracy: ', 0.84183)
('epochs completed: ', 31)
('Current training loss: ', 7.8688703)
('Current test accuracy: ', 0.84208)
('epochs completed: ', 32)
('Current training loss: ', 7.8065386)
('Current test accuracy: ', 0.84255)
('epochs completed: ', 33)
('Current training loss: ', 7.745842)
('Current test accuracy: ', 0.84297)
('epochs completed: ', 34)
('Current training loss: ', 7.686693)
('Current test accuracy: ', 0.84329)
('epochs completed: ', 35)
('Current training loss: ', 7.628991)
('Current test accuracy: ', 0.84353)
('epochs completed: ', 36)
('Current training loss: ', 7.572644)
('Current test accuracy: ', 0.84393)
('epochs completed: ', 37)
('Current training loss: ', 7.5175967)
('Current test accuracy: ', 0.84429)
('epochs completed: ', 38)
('Current training loss: ', 7.463759)
('Current test accuracy: ', 0.84456)
('epochs completed: ', 39)
('final Test Set accuracy: ', 0.84456)
('final Train Set loss: ', 7.463759)
('Total epochs: ', 39)
